{"/Users/Perttu/Documents/SoftwareProjects/chat-app/chat-backend/app.js": {"path":"/Users/Perttu/Documents/SoftwareProjects/chat-app/chat-backend/app.js","statementMap":{"0":{"start":{"line":1,"column":16},"end":{"line":1,"column":34}},"1":{"start":{"line":2,"column":13},"end":{"line":2,"column":28}},"2":{"start":{"line":4,"column":15},"end":{"line":4,"column":32}},"3":{"start":{"line":5,"column":21},"end":{"line":5,"column":45}},"4":{"start":{"line":6,"column":19},"end":{"line":6,"column":41}},"5":{"start":{"line":7,"column":19},"end":{"line":7,"column":41}},"6":{"start":{"line":8,"column":13},"end":{"line":8,"column":28}},"7":{"start":{"line":10,"column":14},"end":{"line":10,"column":39}},"8":{"start":{"line":11,"column":14},"end":{"line":11,"column":39}},"9":{"start":{"line":12,"column":14},"end":{"line":12,"column":39}},"10":{"start":{"line":14,"column":12},"end":{"line":14,"column":21}},"11":{"start":{"line":17,"column":0},"end":{"line":17,"column":48}},"12":{"start":{"line":18,"column":0},"end":{"line":18,"column":30}},"13":{"start":{"line":22,"column":0},"end":{"line":22,"column":23}},"14":{"start":{"line":23,"column":0},"end":{"line":23,"column":27}},"15":{"start":{"line":24,"column":0},"end":{"line":24,"column":52}},"16":{"start":{"line":25,"column":0},"end":{"line":25,"column":16}},"17":{"start":{"line":26,"column":0},"end":{"line":26,"column":103}},"18":{"start":{"line":27,"column":0},"end":{"line":27,"column":24}},"19":{"start":{"line":28,"column":0},"end":{"line":28,"column":56}},"20":{"start":{"line":30,"column":0},"end":{"line":30,"column":24}},"21":{"start":{"line":31,"column":0},"end":{"line":31,"column":29}},"22":{"start":{"line":32,"column":0},"end":{"line":32,"column":29}},"23":{"start":{"line":35,"column":0},"end":{"line":39,"column":3}},"24":{"start":{"line":36,"column":14},"end":{"line":36,"column":36}},"25":{"start":{"line":37,"column":2},"end":{"line":37,"column":19}},"26":{"start":{"line":38,"column":2},"end":{"line":38,"column":12}},"27":{"start":{"line":42,"column":0},"end":{"line":50,"column":3}},"28":{"start":{"line":44,"column":2},"end":{"line":44,"column":35}},"29":{"start":{"line":45,"column":2},"end":{"line":45,"column":69}},"30":{"start":{"line":48,"column":2},"end":{"line":48,"column":32}},"31":{"start":{"line":49,"column":2},"end":{"line":49,"column":22}},"32":{"start":{"line":52,"column":0},"end":{"line":52,"column":21}}},"fnMap":{"0":{"name":"(anonymous_0)","decl":{"start":{"line":35,"column":8},"end":{"line":35,"column":9}},"loc":{"start":{"line":35,"column":33},"end":{"line":39,"column":1}},"line":35},"1":{"name":"(anonymous_1)","decl":{"start":{"line":42,"column":8},"end":{"line":42,"column":9}},"loc":{"start":{"line":42,"column":38},"end":{"line":50,"column":1}},"line":42}},"branchMap":{"0":{"loc":{"start":{"line":45,"column":21},"end":{"line":45,"column":68}},"type":"cond-expr","locations":[{"start":{"line":45,"column":60},"end":{"line":45,"column":63}},{"start":{"line":45,"column":66},"end":{"line":45,"column":68}}],"line":45},"1":{"loc":{"start":{"line":48,"column":13},"end":{"line":48,"column":30}},"type":"binary-expr","locations":[{"start":{"line":48,"column":13},"end":{"line":48,"column":23}},{"start":{"line":48,"column":27},"end":{"line":48,"column":30}}],"line":48}},"s":{"0":1,"1":1,"2":1,"3":1,"4":1,"5":1,"6":1,"7":1,"8":1,"9":1,"10":1,"11":1,"12":1,"13":1,"14":1,"15":1,"16":1,"17":1,"18":1,"19":1,"20":1,"21":1,"22":1,"23":1,"24":0,"25":0,"26":0,"27":1,"28":1,"29":1,"30":1,"31":1,"32":1},"f":{"0":0,"1":1},"b":{"0":[0,1],"1":[1,0]},"_coverageSchema":"332fd63041d2c1bcb487cc26dd0d5f7d97098a6c","hash":"c1eb2781b4c78c2f0c06842f3bd42dd7dfbeb0f8"}
,"/Users/Perttu/Documents/SoftwareProjects/chat-app/chat-backend/routes/index.js": {"path":"/Users/Perttu/Documents/SoftwareProjects/chat-app/chat-backend/routes/index.js","statementMap":{"0":{"start":{"line":1,"column":16},"end":{"line":1,"column":34}},"1":{"start":{"line":2,"column":15},"end":{"line":2,"column":31}},"2":{"start":{"line":5,"column":0},"end":{"line":7,"column":3}},"3":{"start":{"line":6,"column":2},"end":{"line":6,"column":44}},"4":{"start":{"line":9,"column":0},"end":{"line":9,"column":24}}},"fnMap":{"0":{"name":"(anonymous_0)","decl":{"start":{"line":5,"column":16},"end":{"line":5,"column":17}},"loc":{"start":{"line":5,"column":41},"end":{"line":7,"column":1}},"line":5}},"branchMap":{},"s":{"0":1,"1":1,"2":1,"3":0,"4":1},"f":{"0":0},"b":{},"_coverageSchema":"332fd63041d2c1bcb487cc26dd0d5f7d97098a6c","hash":"41c4444edaa2d28249589d60ec994dedadc0ac20"}
,"/Users/Perttu/Documents/SoftwareProjects/chat-app/chat-backend/routes/rooms.js": {"path":"/Users/Perttu/Documents/SoftwareProjects/chat-app/chat-backend/routes/rooms.js","statementMap":{"0":{"start":{"line":1,"column":16},"end":{"line":1,"column":34}},"1":{"start":{"line":2,"column":15},"end":{"line":2,"column":31}},"2":{"start":{"line":3,"column":15},"end":{"line":3,"column":35}},"3":{"start":{"line":7,"column":0},"end":{"line":11,"column":3}},"4":{"start":{"line":8,"column":2},"end":{"line":10,"column":5}},"5":{"start":{"line":9,"column":4},"end":{"line":9,"column":20}},"6":{"start":{"line":14,"column":0},"end":{"line":29,"column":3}},"7":{"start":{"line":15,"column":15},"end":{"line":15,"column":23}},"8":{"start":{"line":16,"column":2},"end":{"line":16,"column":20}},"9":{"start":{"line":17,"column":2},"end":{"line":28,"column":3}},"10":{"start":{"line":18,"column":4},"end":{"line":18,"column":58}},"11":{"start":{"line":20,"column":4},"end":{"line":22,"column":5}},"12":{"start":{"line":21,"column":6},"end":{"line":21,"column":27}},"13":{"start":{"line":23,"column":4},"end":{"line":27,"column":7}},"14":{"start":{"line":24,"column":6},"end":{"line":24,"column":21}},"15":{"start":{"line":26,"column":6},"end":{"line":26,"column":51}},"16":{"start":{"line":32,"column":0},"end":{"line":53,"column":3}},"17":{"start":{"line":33,"column":15},"end":{"line":33,"column":42}},"18":{"start":{"line":34,"column":17},"end":{"line":34,"column":30}},"19":{"start":{"line":35,"column":2},"end":{"line":52,"column":3}},"20":{"start":{"line":36,"column":4},"end":{"line":36,"column":59}},"21":{"start":{"line":38,"column":4},"end":{"line":51,"column":7}},"22":{"start":{"line":39,"column":6},"end":{"line":48,"column":7}},"23":{"start":{"line":40,"column":8},"end":{"line":40,"column":28}},"24":{"start":{"line":42,"column":8},"end":{"line":47,"column":11}},"25":{"start":{"line":43,"column":10},"end":{"line":43,"column":61}},"26":{"start":{"line":44,"column":10},"end":{"line":44,"column":51}},"27":{"start":{"line":46,"column":10},"end":{"line":46,"column":55}},"28":{"start":{"line":50,"column":6},"end":{"line":50,"column":51}},"29":{"start":{"line":56,"column":0},"end":{"line":78,"column":3}},"30":{"start":{"line":57,"column":15},"end":{"line":57,"column":23}},"31":{"start":{"line":58,"column":17},"end":{"line":58,"column":30}},"32":{"start":{"line":59,"column":2},"end":{"line":77,"column":3}},"33":{"start":{"line":60,"column":4},"end":{"line":60,"column":59}},"34":{"start":{"line":62,"column":4},"end":{"line":76,"column":7}},"35":{"start":{"line":68,"column":6},"end":{"line":73,"column":7}},"36":{"start":{"line":69,"column":8},"end":{"line":69,"column":32}},"37":{"start":{"line":70,"column":8},"end":{"line":70,"column":48}},"38":{"start":{"line":72,"column":8},"end":{"line":72,"column":63}},"39":{"start":{"line":75,"column":6},"end":{"line":75,"column":51}},"40":{"start":{"line":82,"column":0},"end":{"line":108,"column":3}},"41":{"start":{"line":83,"column":17},"end":{"line":83,"column":30}},"42":{"start":{"line":84,"column":2},"end":{"line":107,"column":3}},"43":{"start":{"line":85,"column":4},"end":{"line":85,"column":57}},"44":{"start":{"line":87,"column":4},"end":{"line":106,"column":7}},"45":{"start":{"line":88,"column":6},"end":{"line":103,"column":7}},"46":{"start":{"line":89,"column":8},"end":{"line":100,"column":11}},"47":{"start":{"line":91,"column":28},"end":{"line":96,"column":16}},"48":{"start":{"line":92,"column":12},"end":{"line":94,"column":13}},"49":{"start":{"line":93,"column":14},"end":{"line":93,"column":31}},"50":{"start":{"line":95,"column":12},"end":{"line":95,"column":25}},"51":{"start":{"line":97,"column":10},"end":{"line":97,"column":30}},"52":{"start":{"line":99,"column":10},"end":{"line":99,"column":55}},"53":{"start":{"line":102,"column":8},"end":{"line":102,"column":73}},"54":{"start":{"line":105,"column":6},"end":{"line":105,"column":51}},"55":{"start":{"line":110,"column":0},"end":{"line":110,"column":24}}},"fnMap":{"0":{"name":"(anonymous_0)","decl":{"start":{"line":7,"column":19},"end":{"line":7,"column":20}},"loc":{"start":{"line":7,"column":39},"end":{"line":11,"column":1}},"line":7},"1":{"name":"(anonymous_1)","decl":{"start":{"line":8,"column":29},"end":{"line":8,"column":30}},"loc":{"start":{"line":8,"column":38},"end":{"line":10,"column":3}},"line":8},"2":{"name":"(anonymous_2)","decl":{"start":{"line":14,"column":20},"end":{"line":14,"column":21}},"loc":{"start":{"line":14,"column":40},"end":{"line":29,"column":1}},"line":14},"3":{"name":"(anonymous_3)","decl":{"start":{"line":23,"column":34},"end":{"line":23,"column":35}},"loc":{"start":{"line":23,"column":42},"end":{"line":25,"column":5}},"line":23},"4":{"name":"(anonymous_4)","decl":{"start":{"line":25,"column":13},"end":{"line":25,"column":14}},"loc":{"start":{"line":25,"column":20},"end":{"line":27,"column":5}},"line":25},"5":{"name":"(anonymous_5)","decl":{"start":{"line":32,"column":25},"end":{"line":32,"column":26}},"loc":{"start":{"line":32,"column":45},"end":{"line":53,"column":1}},"line":32},"6":{"name":"(anonymous_6)","decl":{"start":{"line":38,"column":38},"end":{"line":38,"column":39}},"loc":{"start":{"line":38,"column":46},"end":{"line":49,"column":5}},"line":38},"7":{"name":"(anonymous_7)","decl":{"start":{"line":42,"column":47},"end":{"line":42,"column":48}},"loc":{"start":{"line":42,"column":55},"end":{"line":45,"column":9}},"line":42},"8":{"name":"(anonymous_8)","decl":{"start":{"line":45,"column":17},"end":{"line":45,"column":18}},"loc":{"start":{"line":45,"column":24},"end":{"line":47,"column":9}},"line":45},"9":{"name":"(anonymous_9)","decl":{"start":{"line":49,"column":13},"end":{"line":49,"column":14}},"loc":{"start":{"line":49,"column":20},"end":{"line":51,"column":5}},"line":49},"10":{"name":"(anonymous_10)","decl":{"start":{"line":56,"column":26},"end":{"line":56,"column":27}},"loc":{"start":{"line":56,"column":46},"end":{"line":78,"column":1}},"line":56},"11":{"name":"(anonymous_11)","decl":{"start":{"line":67,"column":12},"end":{"line":67,"column":13}},"loc":{"start":{"line":67,"column":26},"end":{"line":74,"column":5}},"line":67},"12":{"name":"(anonymous_12)","decl":{"start":{"line":74,"column":13},"end":{"line":74,"column":14}},"loc":{"start":{"line":74,"column":20},"end":{"line":76,"column":5}},"line":74},"13":{"name":"(anonymous_13)","decl":{"start":{"line":82,"column":22},"end":{"line":82,"column":23}},"loc":{"start":{"line":82,"column":42},"end":{"line":108,"column":1}},"line":82},"14":{"name":"(anonymous_14)","decl":{"start":{"line":87,"column":38},"end":{"line":87,"column":39}},"loc":{"start":{"line":87,"column":46},"end":{"line":104,"column":5}},"line":87},"15":{"name":"(anonymous_15)","decl":{"start":{"line":89,"column":30},"end":{"line":89,"column":31}},"loc":{"start":{"line":89,"column":39},"end":{"line":98,"column":9}},"line":89},"16":{"name":"(anonymous_16)","decl":{"start":{"line":91,"column":41},"end":{"line":91,"column":42}},"loc":{"start":{"line":91,"column":58},"end":{"line":96,"column":11}},"line":91},"17":{"name":"(anonymous_17)","decl":{"start":{"line":98,"column":17},"end":{"line":98,"column":18}},"loc":{"start":{"line":98,"column":24},"end":{"line":100,"column":9}},"line":98},"18":{"name":"(anonymous_18)","decl":{"start":{"line":104,"column":13},"end":{"line":104,"column":14}},"loc":{"start":{"line":104,"column":20},"end":{"line":106,"column":5}},"line":104}},"branchMap":{"0":{"loc":{"start":{"line":17,"column":2},"end":{"line":28,"column":3}},"type":"if","locations":[{"start":{"line":17,"column":2},"end":{"line":28,"column":3}},{"start":{"line":17,"column":2},"end":{"line":28,"column":3}}],"line":17},"1":{"loc":{"start":{"line":20,"column":4},"end":{"line":22,"column":5}},"type":"if","locations":[{"start":{"line":20,"column":4},"end":{"line":22,"column":5}},{"start":{"line":20,"column":4},"end":{"line":22,"column":5}}],"line":20},"2":{"loc":{"start":{"line":35,"column":2},"end":{"line":52,"column":3}},"type":"if","locations":[{"start":{"line":35,"column":2},"end":{"line":52,"column":3}},{"start":{"line":35,"column":2},"end":{"line":52,"column":3}}],"line":35},"3":{"loc":{"start":{"line":35,"column":6},"end":{"line":35,"column":91}},"type":"binary-expr","locations":[{"start":{"line":35,"column":6},"end":{"line":35,"column":38}},{"start":{"line":35,"column":41},"end":{"line":35,"column":48}},{"start":{"line":35,"column":52},"end":{"line":35,"column":75}},{"start":{"line":35,"column":79},"end":{"line":35,"column":91}}],"line":35},"4":{"loc":{"start":{"line":39,"column":6},"end":{"line":48,"column":7}},"type":"if","locations":[{"start":{"line":39,"column":6},"end":{"line":48,"column":7}},{"start":{"line":39,"column":6},"end":{"line":48,"column":7}}],"line":39},"5":{"loc":{"start":{"line":39,"column":10},"end":{"line":39,"column":88}},"type":"binary-expr","locations":[{"start":{"line":39,"column":10},"end":{"line":39,"column":43}},{"start":{"line":39,"column":47},"end":{"line":39,"column":88}}],"line":39},"6":{"loc":{"start":{"line":59,"column":2},"end":{"line":77,"column":3}},"type":"if","locations":[{"start":{"line":59,"column":2},"end":{"line":77,"column":3}},{"start":{"line":59,"column":2},"end":{"line":77,"column":3}}],"line":59},"7":{"loc":{"start":{"line":59,"column":6},"end":{"line":59,"column":88}},"type":"binary-expr","locations":[{"start":{"line":59,"column":6},"end":{"line":59,"column":18}},{"start":{"line":59,"column":22},"end":{"line":59,"column":29}},{"start":{"line":59,"column":33},"end":{"line":59,"column":56}},{"start":{"line":59,"column":60},"end":{"line":59,"column":88}}],"line":59},"8":{"loc":{"start":{"line":68,"column":6},"end":{"line":73,"column":7}},"type":"if","locations":[{"start":{"line":68,"column":6},"end":{"line":73,"column":7}},{"start":{"line":68,"column":6},"end":{"line":73,"column":7}}],"line":68},"9":{"loc":{"start":{"line":84,"column":2},"end":{"line":107,"column":3}},"type":"if","locations":[{"start":{"line":84,"column":2},"end":{"line":107,"column":3}},{"start":{"line":84,"column":2},"end":{"line":107,"column":3}}],"line":84},"10":{"loc":{"start":{"line":84,"column":6},"end":{"line":84,"column":40}},"type":"binary-expr","locations":[{"start":{"line":84,"column":6},"end":{"line":84,"column":13}},{"start":{"line":84,"column":17},"end":{"line":84,"column":40}}],"line":84},"11":{"loc":{"start":{"line":88,"column":6},"end":{"line":103,"column":7}},"type":"if","locations":[{"start":{"line":88,"column":6},"end":{"line":103,"column":7}},{"start":{"line":88,"column":6},"end":{"line":103,"column":7}}],"line":88},"12":{"loc":{"start":{"line":92,"column":12},"end":{"line":94,"column":13}},"type":"if","locations":[{"start":{"line":92,"column":12},"end":{"line":94,"column":13}},{"start":{"line":92,"column":12},"end":{"line":94,"column":13}}],"line":92}},"s":{"0":1,"1":1,"2":1,"3":1,"4":0,"5":0,"6":1,"7":0,"8":0,"9":0,"10":0,"11":0,"12":0,"13":0,"14":0,"15":0,"16":1,"17":0,"18":0,"19":0,"20":0,"21":0,"22":0,"23":0,"24":0,"25":0,"26":0,"27":0,"28":0,"29":1,"30":0,"31":0,"32":0,"33":0,"34":0,"35":0,"36":0,"37":0,"38":0,"39":0,"40":1,"41":0,"42":0,"43":0,"44":0,"45":0,"46":0,"47":0,"48":0,"49":0,"50":0,"51":0,"52":0,"53":0,"54":0,"55":1},"f":{"0":0,"1":0,"2":0,"3":0,"4":0,"5":0,"6":0,"7":0,"8":0,"9":0,"10":0,"11":0,"12":0,"13":0,"14":0,"15":0,"16":0,"17":0,"18":0},"b":{"0":[0,0],"1":[0,0],"2":[0,0],"3":[0,0,0,0],"4":[0,0],"5":[0,0],"6":[0,0],"7":[0,0,0,0],"8":[0,0],"9":[0,0],"10":[0,0],"11":[0,0],"12":[0,0]},"_coverageSchema":"332fd63041d2c1bcb487cc26dd0d5f7d97098a6c","hash":"ce29c103d53ffc87d1c0ef62a93ec57adaf7f8af"}
,"/Users/Perttu/Documents/SoftwareProjects/chat-app/chat-backend/routes/users.js": {"path":"/Users/Perttu/Documents/SoftwareProjects/chat-app/chat-backend/routes/users.js","statementMap":{"0":{"start":{"line":1,"column":16},"end":{"line":1,"column":34}},"1":{"start":{"line":2,"column":15},"end":{"line":2,"column":31}},"2":{"start":{"line":3,"column":12},"end":{"line":3,"column":35}},"3":{"start":{"line":4,"column":15},"end":{"line":4,"column":35}},"4":{"start":{"line":7,"column":0},"end":{"line":9,"column":3}},"5":{"start":{"line":8,"column":2},"end":{"line":8,"column":38}},"6":{"start":{"line":12,"column":0},"end":{"line":39,"column":3}},"7":{"start":{"line":13,"column":15},"end":{"line":13,"column":23}},"8":{"start":{"line":14,"column":2},"end":{"line":38,"column":3}},"9":{"start":{"line":15,"column":4},"end":{"line":15,"column":22}},"10":{"start":{"line":16,"column":4},"end":{"line":16,"column":24}},"11":{"start":{"line":18,"column":4},"end":{"line":37,"column":7}},"12":{"start":{"line":24,"column":6},"end":{"line":34,"column":7}},"13":{"start":{"line":25,"column":8},"end":{"line":25,"column":59}},"14":{"start":{"line":27,"column":8},"end":{"line":27,"column":50}},"15":{"start":{"line":28,"column":22},"end":{"line":30,"column":10}},"16":{"start":{"line":31,"column":28},"end":{"line":31,"column":60}},"17":{"start":{"line":32,"column":8},"end":{"line":32,"column":38}},"18":{"start":{"line":33,"column":8},"end":{"line":33,"column":44}},"19":{"start":{"line":36,"column":6},"end":{"line":36,"column":51}},"20":{"start":{"line":43,"column":0},"end":{"line":63,"column":3}},"21":{"start":{"line":44,"column":2},"end":{"line":62,"column":3}},"22":{"start":{"line":45,"column":4},"end":{"line":59,"column":7}},"23":{"start":{"line":48,"column":6},"end":{"line":58,"column":7}},"24":{"start":{"line":49,"column":8},"end":{"line":49,"column":50}},"25":{"start":{"line":50,"column":22},"end":{"line":52,"column":10}},"26":{"start":{"line":53,"column":28},"end":{"line":53,"column":60}},"27":{"start":{"line":54,"column":8},"end":{"line":54,"column":38}},"28":{"start":{"line":55,"column":8},"end":{"line":55,"column":44}},"29":{"start":{"line":57,"column":8},"end":{"line":57,"column":59}},"30":{"start":{"line":61,"column":4},"end":{"line":61,"column":18}},"31":{"start":{"line":66,"column":0},"end":{"line":89,"column":3}},"32":{"start":{"line":67,"column":15},"end":{"line":67,"column":23}},"33":{"start":{"line":68,"column":2},"end":{"line":68,"column":20}},"34":{"start":{"line":69,"column":2},"end":{"line":88,"column":3}},"35":{"start":{"line":70,"column":4},"end":{"line":70,"column":58}},"36":{"start":{"line":72,"column":4},"end":{"line":87,"column":7}},"37":{"start":{"line":77,"column":6},"end":{"line":86,"column":7}},"38":{"start":{"line":78,"column":8},"end":{"line":83,"column":11}},"39":{"start":{"line":79,"column":10},"end":{"line":79,"column":42}},"40":{"start":{"line":80,"column":10},"end":{"line":80,"column":25}},"41":{"start":{"line":82,"column":10},"end":{"line":82,"column":55}},"42":{"start":{"line":85,"column":8},"end":{"line":85,"column":68}},"43":{"start":{"line":92,"column":0},"end":{"line":121,"column":3}},"44":{"start":{"line":93,"column":15},"end":{"line":93,"column":23}},"45":{"start":{"line":94,"column":2},"end":{"line":96,"column":3}},"46":{"start":{"line":95,"column":4},"end":{"line":95,"column":25}},"47":{"start":{"line":97,"column":2},"end":{"line":120,"column":5}},"48":{"start":{"line":102,"column":4},"end":{"line":119,"column":5}},"49":{"start":{"line":103,"column":6},"end":{"line":116,"column":9}},"50":{"start":{"line":109,"column":8},"end":{"line":115,"column":9}},"51":{"start":{"line":110,"column":28},"end":{"line":110,"column":41}},"52":{"start":{"line":111,"column":10},"end":{"line":111,"column":49}},"53":{"start":{"line":112,"column":10},"end":{"line":112,"column":44}},"54":{"start":{"line":114,"column":10},"end":{"line":114,"column":86}},"55":{"start":{"line":118,"column":6},"end":{"line":118,"column":65}},"56":{"start":{"line":124,"column":0},"end":{"line":126,"column":3}},"57":{"start":{"line":125,"column":2},"end":{"line":125,"column":27}},"58":{"start":{"line":128,"column":0},"end":{"line":128,"column":24}}},"fnMap":{"0":{"name":"(anonymous_0)","decl":{"start":{"line":7,"column":16},"end":{"line":7,"column":17}},"loc":{"start":{"line":7,"column":36},"end":{"line":9,"column":1}},"line":7},"1":{"name":"(anonymous_1)","decl":{"start":{"line":12,"column":22},"end":{"line":12,"column":23}},"loc":{"start":{"line":12,"column":42},"end":{"line":39,"column":1}},"line":12},"2":{"name":"(anonymous_2)","decl":{"start":{"line":23,"column":12},"end":{"line":23,"column":13}},"loc":{"start":{"line":23,"column":20},"end":{"line":35,"column":5}},"line":23},"3":{"name":"(anonymous_3)","decl":{"start":{"line":35,"column":13},"end":{"line":35,"column":14}},"loc":{"start":{"line":35,"column":20},"end":{"line":37,"column":5}},"line":35},"4":{"name":"(anonymous_4)","decl":{"start":{"line":43,"column":21},"end":{"line":43,"column":22}},"loc":{"start":{"line":43,"column":41},"end":{"line":63,"column":1}},"line":43},"5":{"name":"(anonymous_5)","decl":{"start":{"line":47,"column":13},"end":{"line":47,"column":14}},"loc":{"start":{"line":47,"column":21},"end":{"line":59,"column":5}},"line":47},"6":{"name":"(anonymous_6)","decl":{"start":{"line":66,"column":25},"end":{"line":66,"column":26}},"loc":{"start":{"line":66,"column":45},"end":{"line":89,"column":1}},"line":66},"7":{"name":"(anonymous_7)","decl":{"start":{"line":76,"column":12},"end":{"line":76,"column":13}},"loc":{"start":{"line":76,"column":20},"end":{"line":87,"column":5}},"line":76},"8":{"name":"(anonymous_8)","decl":{"start":{"line":78,"column":38},"end":{"line":78,"column":39}},"loc":{"start":{"line":78,"column":46},"end":{"line":81,"column":9}},"line":78},"9":{"name":"(anonymous_9)","decl":{"start":{"line":81,"column":17},"end":{"line":81,"column":18}},"loc":{"start":{"line":81,"column":24},"end":{"line":83,"column":9}},"line":81},"10":{"name":"(anonymous_10)","decl":{"start":{"line":92,"column":22},"end":{"line":92,"column":23}},"loc":{"start":{"line":92,"column":42},"end":{"line":121,"column":1}},"line":92},"11":{"name":"(anonymous_11)","decl":{"start":{"line":101,"column":10},"end":{"line":101,"column":11}},"loc":{"start":{"line":101,"column":18},"end":{"line":120,"column":3}},"line":101},"12":{"name":"(anonymous_12)","decl":{"start":{"line":108,"column":14},"end":{"line":108,"column":15}},"loc":{"start":{"line":108,"column":25},"end":{"line":116,"column":7}},"line":108},"13":{"name":"(anonymous_13)","decl":{"start":{"line":124,"column":23},"end":{"line":124,"column":24}},"loc":{"start":{"line":124,"column":43},"end":{"line":126,"column":1}},"line":124}},"branchMap":{"0":{"loc":{"start":{"line":14,"column":2},"end":{"line":38,"column":3}},"type":"if","locations":[{"start":{"line":14,"column":2},"end":{"line":38,"column":3}},{"start":{"line":14,"column":2},"end":{"line":38,"column":3}}],"line":14},"1":{"loc":{"start":{"line":14,"column":6},"end":{"line":14,"column":38}},"type":"binary-expr","locations":[{"start":{"line":14,"column":6},"end":{"line":14,"column":20}},{"start":{"line":14,"column":24},"end":{"line":14,"column":38}}],"line":14},"2":{"loc":{"start":{"line":24,"column":6},"end":{"line":34,"column":7}},"type":"if","locations":[{"start":{"line":24,"column":6},"end":{"line":34,"column":7}},{"start":{"line":24,"column":6},"end":{"line":34,"column":7}}],"line":24},"3":{"loc":{"start":{"line":44,"column":2},"end":{"line":62,"column":3}},"type":"if","locations":[{"start":{"line":44,"column":2},"end":{"line":62,"column":3}},{"start":{"line":44,"column":2},"end":{"line":62,"column":3}}],"line":44},"4":{"loc":{"start":{"line":48,"column":6},"end":{"line":58,"column":7}},"type":"if","locations":[{"start":{"line":48,"column":6},"end":{"line":58,"column":7}},{"start":{"line":48,"column":6},"end":{"line":58,"column":7}}],"line":48},"5":{"loc":{"start":{"line":69,"column":2},"end":{"line":88,"column":3}},"type":"if","locations":[{"start":{"line":69,"column":2},"end":{"line":88,"column":3}},{"start":{"line":69,"column":2},"end":{"line":88,"column":3}}],"line":69},"6":{"loc":{"start":{"line":69,"column":6},"end":{"line":69,"column":53}},"type":"binary-expr","locations":[{"start":{"line":69,"column":6},"end":{"line":69,"column":20}},{"start":{"line":69,"column":24},"end":{"line":69,"column":35}},{"start":{"line":69,"column":39},"end":{"line":69,"column":53}}],"line":69},"7":{"loc":{"start":{"line":77,"column":6},"end":{"line":86,"column":7}},"type":"if","locations":[{"start":{"line":77,"column":6},"end":{"line":86,"column":7}},{"start":{"line":77,"column":6},"end":{"line":86,"column":7}}],"line":77},"8":{"loc":{"start":{"line":94,"column":2},"end":{"line":96,"column":3}},"type":"if","locations":[{"start":{"line":94,"column":2},"end":{"line":96,"column":3}},{"start":{"line":94,"column":2},"end":{"line":96,"column":3}}],"line":94},"9":{"loc":{"start":{"line":94,"column":6},"end":{"line":94,"column":52}},"type":"binary-expr","locations":[{"start":{"line":94,"column":6},"end":{"line":94,"column":28}},{"start":{"line":94,"column":32},"end":{"line":94,"column":52}}],"line":94},"10":{"loc":{"start":{"line":102,"column":4},"end":{"line":119,"column":5}},"type":"if","locations":[{"start":{"line":102,"column":4},"end":{"line":119,"column":5}},{"start":{"line":102,"column":4},"end":{"line":119,"column":5}}],"line":102},"11":{"loc":{"start":{"line":102,"column":8},"end":{"line":102,"column":36}},"type":"binary-expr","locations":[{"start":{"line":102,"column":8},"end":{"line":102,"column":13}},{"start":{"line":102,"column":17},"end":{"line":102,"column":36}}],"line":102},"12":{"loc":{"start":{"line":109,"column":8},"end":{"line":115,"column":9}},"type":"if","locations":[{"start":{"line":109,"column":8},"end":{"line":115,"column":9}},{"start":{"line":109,"column":8},"end":{"line":115,"column":9}}],"line":109}},"s":{"0":1,"1":1,"2":1,"3":1,"4":1,"5":0,"6":1,"7":0,"8":0,"9":0,"10":0,"11":0,"12":0,"13":0,"14":0,"15":0,"16":0,"17":0,"18":0,"19":0,"20":1,"21":0,"22":0,"23":0,"24":0,"25":0,"26":0,"27":0,"28":0,"29":0,"30":0,"31":1,"32":0,"33":0,"34":0,"35":0,"36":0,"37":0,"38":0,"39":0,"40":0,"41":0,"42":0,"43":1,"44":0,"45":0,"46":0,"47":0,"48":0,"49":0,"50":0,"51":0,"52":0,"53":0,"54":0,"55":0,"56":1,"57":0,"58":1},"f":{"0":0,"1":0,"2":0,"3":0,"4":0,"5":0,"6":0,"7":0,"8":0,"9":0,"10":0,"11":0,"12":0,"13":0},"b":{"0":[0,0],"1":[0,0],"2":[0,0],"3":[0,0],"4":[0,0],"5":[0,0],"6":[0,0,0],"7":[0,0],"8":[0,0],"9":[0,0],"10":[0,0],"11":[0,0],"12":[0,0]},"_coverageSchema":"332fd63041d2c1bcb487cc26dd0d5f7d97098a6c","hash":"53d80ecb4b1b59a130f9de1ee2c4dce1d2a20794"}
}
